
19.7.2023, 20:49:32

Operating System
  Name                        = Fedora
  Version                     = 38
  Architecture                = 64bit
  # CPUs                      = 20
  Memory                      = 33294946304

Node.js
  Node.js Version             = 16.19.0
  npm Version                 = 8.19.3

Titanium CLI
  CLI Version                 = 6.1.1

Titanium SDK
  SDK Version                 = 12.1.2.GA
  SDK Path                    = /home/miga/.titanium/mobilesdk/linux/12.1.2.GA
  Target Platform             = android

Command
  /usr/local/bin/node /usr/local/bin/ti clean

[DEBUG]  Deleting /home/miga/dev/ti.mmkv/android/build/.gradle
[DEBUG]  Deleting /home/miga/dev/ti.mmkv/android/build/build.gradle
[DEBUG]  Deleting /home/miga/dev/ti.mmkv/android/build/gradle
[DEBUG]  Deleting /home/miga/dev/ti.mmkv/android/build/gradle.properties
[DEBUG]  Deleting /home/miga/dev/ti.mmkv/android/build/gradlew
[DEBUG]  Deleting /home/miga/dev/ti.mmkv/android/build/gradlew.bat
[DEBUG]  Deleting /home/miga/dev/ti.mmkv/android/build/local.properties
[DEBUG]  Deleting /home/miga/dev/ti.mmkv/android/build/module
[DEBUG]  Deleting /home/miga/dev/ti.mmkv/android/build/settings.gradle
[DEBUG]  Deleting /home/miga/dev/ti.mmkv/android/build/ti.constants.gradle
[DEBUG]  Deleting /home/miga/dev/ti.mmkv/android/dist